<?xml version="1.0" encoding="UTF-8"?>
<!-- Generated by org.testng.reporters.JUnitReportReporter -->
<testsuite hostname="DESKTOP-K9V2EK6" failures="0" tests="1" name="week2.day4.EditLead" time="41.804" errors="0" timestamp="2025-08-28T11:50:08 IST" skipped="0">
  <testcase classname="week2.day4.EditLead" name="editLead" time="41.804"/>
</testsuite> <!-- week2.day4.EditLead -->
